  comprobar_informacion_matrices.c
comprobar_informacion_matrices.c(40,10): warning C4477: 'printf' : format string '%d' requires an argument of type 'int', but variadic argument 1 has type 'OSQPInt'
comprobar_informacion_matrices.c(40,10): message : consider using '%lld' in the format string
comprobar_informacion_matrices.c(40,10): message : consider using '%Id' in the format string
comprobar_informacion_matrices.c(40,10): message : consider using '%I64d' in the format string
comprobar_informacion_matrices.c(41,10): warning C4477: 'printf' : format string '%d' requires an argument of type 'int', but variadic argument 1 has type 'OSQPInt'
comprobar_informacion_matrices.c(41,10): message : consider using '%lld' in the format string
comprobar_informacion_matrices.c(41,10): message : consider using '%Id' in the format string
comprobar_informacion_matrices.c(41,10): message : consider using '%I64d' in the format string
comprobar_informacion_matrices.c(87,20): warning C4477: 'fprintf' : format string '%d' requires an argument of type 'int', but variadic argument 1 has type 'OSQPInt'
comprobar_informacion_matrices.c(87,20): message : consider using '%lld' in the format string
comprobar_informacion_matrices.c(87,20): message : consider using '%Id' in the format string
comprobar_informacion_matrices.c(87,20): message : consider using '%I64d' in the format string
comprobar_informacion_matrices.c(87,20): warning C4477: 'fprintf' : format string '%d' requires an argument of type 'int', but variadic argument 2 has type 'OSQPInt'
comprobar_informacion_matrices.c(87,20): message : consider using '%lld' in the format string
comprobar_informacion_matrices.c(87,20): message : consider using '%Id' in the format string
comprobar_informacion_matrices.c(87,20): message : consider using '%I64d' in the format string
comprobar_informacion_matrices.c(94,22): warning C4477: 'fprintf' : format string '%d' requires an argument of type 'int', but variadic argument 1 has type 'OSQPInt'
comprobar_informacion_matrices.c(94,22): message : consider using '%lld' in the format string
comprobar_informacion_matrices.c(94,22): message : consider using '%Id' in the format string
comprobar_informacion_matrices.c(94,22): message : consider using '%I64d' in the format string
comprobar_informacion_matrices.c(94,22): warning C4477: 'fprintf' : format string '%d' requires an argument of type 'int', but variadic argument 2 has type 'OSQPInt'
comprobar_informacion_matrices.c(94,22): message : consider using '%lld' in the format string
comprobar_informacion_matrices.c(94,22): message : consider using '%Id' in the format string
comprobar_informacion_matrices.c(94,22): message : consider using '%I64d' in the format string
comprobar_informacion_matrices.c(115,20): warning C4477: 'fprintf' : format string '%d' requires an argument of type 'int', but variadic argument 1 has type 'OSQPInt'
comprobar_informacion_matrices.c(115,20): message : consider using '%lld' in the format string
comprobar_informacion_matrices.c(115,20): message : consider using '%Id' in the format string
comprobar_informacion_matrices.c(115,20): message : consider using '%I64d' in the format string
comprobar_informacion_matrices.c(115,20): warning C4477: 'fprintf' : format string '%d' requires an argument of type 'int', but variadic argument 2 has type 'OSQPInt'
comprobar_informacion_matrices.c(115,20): message : consider using '%lld' in the format string
comprobar_informacion_matrices.c(115,20): message : consider using '%Id' in the format string
comprobar_informacion_matrices.c(115,20): message : consider using '%I64d' in the format string
comprobar_informacion_matrices.c(122,22): warning C4477: 'fprintf' : format string '%d' requires an argument of type 'int', but variadic argument 1 has type 'OSQPInt'
comprobar_informacion_matrices.c(122,22): message : consider using '%lld' in the format string
comprobar_informacion_matrices.c(122,22): message : consider using '%Id' in the format string
comprobar_informacion_matrices.c(122,22): message : consider using '%I64d' in the format string
comprobar_informacion_matrices.c(122,22): warning C4477: 'fprintf' : format string '%d' requires an argument of type 'int', but variadic argument 2 has type 'OSQPInt'
comprobar_informacion_matrices.c(122,22): message : consider using '%lld' in the format string
comprobar_informacion_matrices.c(122,22): message : consider using '%Id' in the format string
comprobar_informacion_matrices.c(122,22): message : consider using '%I64d' in the format string
  osqp_demo.vcxproj -> F:\osqp1feb\osqp-1.0.0.beta1\build\out\osqp_demo.exe
