[Tue Feb 13 12:44:46 2024
] Error: Error no se han podido cargar en la simulacion las fechas de los vehiculos

[Tue Feb 13 12:44:46 2024
] Error: No se ha podido añadir las fechas adicionales a la simulacion
[Tue Feb 13 12:44:46 2024
] Error: No se ha podido configurar los puntos de simulacion correctamente

[Tue Feb 13 12:44:46 2024
] Error: La informacion no ha podido ser procesada correctamente

[Tue Feb 13 12:46:29 2024
] Error: Error no se han podido cargar en la simulacion las fechas de los vehiculos

[Tue Feb 13 12:46:29 2024
] Error: No se ha podido añadir las fechas adicionales a la simulacion
[Tue Feb 13 12:46:29 2024
] Error: No se ha podido configurar los puntos de simulacion correctamente

[Tue Feb 13 12:46:29 2024
] Error: La informacion no ha podido ser procesada correctamente

[Tue Feb 13 12:47:02 2024
] Error: Error no se han podido cargar en la simulacion las fechas de los vehiculos

[Tue Feb 13 12:47:02 2024
] Error: No se ha podido añadir las fechas adicionales a la simulacion
[Tue Feb 13 12:47:02 2024
] Error: No se ha podido configurar los puntos de simulacion correctamente

[Tue Feb 13 12:47:02 2024
] Error: La informacion no ha podido ser procesada correctamente

[Tue Feb 13 12:47:18 2024
] Error: Error no se han podido cargar en la simulacion las fechas de los vehiculos

[Tue Feb 13 12:47:18 2024
] Error: No se ha podido añadir las fechas adicionales a la simulacion
[Tue Feb 13 12:47:18 2024
] Error: No se ha podido configurar los puntos de simulacion correctamente

[Tue Feb 13 12:47:18 2024
] Error: La informacion no ha podido ser procesada correctamente

[Tue Feb 13 12:47:31 2024
] Error: Error no se han podido cargar en la simulacion las fechas de los vehiculos

[Tue Feb 13 12:47:31 2024
] Error: No se ha podido añadir las fechas adicionales a la simulacion
[Tue Feb 13 12:47:31 2024
] Error: No se ha podido configurar los puntos de simulacion correctamente

[Tue Feb 13 12:47:31 2024
] Error: La informacion no ha podido ser procesada correctamente

[Tue Feb 13 12:47:44 2024
] Error: Error no se han podido cargar en la simulacion las fechas de los vehiculos

[Tue Feb 13 12:47:44 2024
] Error: No se ha podido añadir las fechas adicionales a la simulacion
[Tue Feb 13 12:47:44 2024
] Error: No se ha podido configurar los puntos de simulacion correctamente

[Tue Feb 13 12:47:44 2024
] Error: La informacion no ha podido ser procesada correctamente

[Tue Feb 13 12:47:55 2024
] Error: Error no se han podido cargar en la simulacion las fechas de los vehiculos

[Tue Feb 13 12:47:55 2024
] Error: No se ha podido añadir las fechas adicionales a la simulacion
[Tue Feb 13 12:47:55 2024
] Error: No se ha podido configurar los puntos de simulacion correctamente

[Tue Feb 13 12:47:55 2024
] Error: La informacion no ha podido ser procesada correctamente

[Tue Feb 13 12:48:13 2024
] Error: Error no se han podido cargar en la simulacion las fechas de los vehiculos

[Tue Feb 13 12:48:13 2024
] Error: No se ha podido añadir las fechas adicionales a la simulacion
[Tue Feb 13 12:48:13 2024
] Error: No se ha podido configurar los puntos de simulacion correctamente

[Tue Feb 13 12:48:13 2024
] Error: La informacion no ha podido ser procesada correctamente

[Tue Feb 13 12:48:24 2024
] Error: Error no se han podido cargar en la simulacion las fechas de los vehiculos

[Tue Feb 13 12:48:24 2024
] Error: No se ha podido añadir las fechas adicionales a la simulacion
[Tue Feb 13 12:48:24 2024
] Error: No se ha podido configurar los puntos de simulacion correctamente

[Tue Feb 13 12:48:24 2024
] Error: La informacion no ha podido ser procesada correctamente

[Tue Feb 13 12:48:42 2024
] Error: Error no se han podido cargar en la simulacion las fechas de los vehiculos

[Tue Feb 13 12:48:42 2024
] Error: No se ha podido añadir las fechas adicionales a la simulacion
[Tue Feb 13 12:48:42 2024
] Error: No se ha podido configurar los puntos de simulacion correctamente

[Tue Feb 13 12:48:42 2024
] Error: La informacion no ha podido ser procesada correctamente

[Tue Feb 13 12:50:23 2024
] Error: Error no se han podido cargar en la simulacion las fechas de los vehiculos

[Tue Feb 13 12:50:23 2024
] Error: No se ha podido añadir las fechas adicionales a la simulacion
[Tue Feb 13 12:50:23 2024
] Error: No se ha podido configurar los puntos de simulacion correctamente

[Tue Feb 13 12:50:23 2024
] Error: La informacion no ha podido ser procesada correctamente

[Tue Feb 13 12:50:34 2024
] Error: Error no se han podido cargar en la simulacion las fechas de los vehiculos

[Tue Feb 13 12:50:34 2024
] Error: No se ha podido añadir las fechas adicionales a la simulacion
[Tue Feb 13 12:50:34 2024
] Error: No se ha podido configurar los puntos de simulacion correctamente

[Tue Feb 13 12:50:34 2024
] Error: La informacion no ha podido ser procesada correctamente

[Tue Feb 13 12:50:44 2024
] Error: Error no se han podido cargar en la simulacion las fechas de los vehiculos

[Tue Feb 13 12:50:44 2024
] Error: No se ha podido añadir las fechas adicionales a la simulacion
[Tue Feb 13 12:50:44 2024
] Error: No se ha podido configurar los puntos de simulacion correctamente

[Tue Feb 13 12:50:44 2024
] Error: La informacion no ha podido ser procesada correctamente

[Tue Feb 13 12:52:18 2024
] Error: Error no se han podido cargar en la simulacion las fechas de los vehiculos

[Tue Feb 13 12:52:18 2024
] Error: No se ha podido añadir las fechas adicionales a la simulacion
[Tue Feb 13 12:52:18 2024
] Error: No se ha podido configurar los puntos de simulacion correctamente

[Tue Feb 13 12:52:19 2024
] Error: La informacion no ha podido ser procesada correctamente

[Tue Feb 13 12:52:35 2024
] Error: Error no se han podido cargar en la simulacion las fechas de los vehiculos

[Tue Feb 13 12:52:35 2024
] Error: No se ha podido añadir las fechas adicionales a la simulacion
[Tue Feb 13 12:52:35 2024
] Error: No se ha podido configurar los puntos de simulacion correctamente

[Tue Feb 13 12:52:35 2024
] Error: La informacion no ha podido ser procesada correctamente

[Tue Feb 13 12:52:54 2024
] Error: Error no se han podido cargar en la simulacion las fechas de los vehiculos

[Tue Feb 13 12:52:54 2024
] Error: No se ha podido añadir las fechas adicionales a la simulacion
[Tue Feb 13 12:52:54 2024
] Error: No se ha podido configurar los puntos de simulacion correctamente

[Tue Feb 13 12:52:54 2024
] Error: La informacion no ha podido ser procesada correctamente

[Tue Feb 13 12:53:05 2024
] Error: Error no se han podido cargar en la simulacion las fechas de los vehiculos

[Tue Feb 13 12:53:05 2024
] Error: No se ha podido añadir las fechas adicionales a la simulacion
[Tue Feb 13 12:53:05 2024
] Error: No se ha podido configurar los puntos de simulacion correctamente

[Tue Feb 13 12:53:05 2024
] Error: La informacion no ha podido ser procesada correctamente

[Tue Feb 13 12:53:23 2024
] Error: Error no se han podido cargar en la simulacion las fechas de los vehiculos

[Tue Feb 13 12:53:23 2024
] Error: No se ha podido añadir las fechas adicionales a la simulacion
[Tue Feb 13 12:53:23 2024
] Error: No se ha podido configurar los puntos de simulacion correctamente

[Tue Feb 13 12:53:23 2024
] Error: La informacion no ha podido ser procesada correctamente

[Tue Feb 13 12:53:38 2024
] Error: Error no se han podido cargar en la simulacion las fechas de los vehiculos

[Tue Feb 13 12:53:38 2024
] Error: No se ha podido añadir las fechas adicionales a la simulacion
[Tue Feb 13 12:53:38 2024
] Error: No se ha podido configurar los puntos de simulacion correctamente

[Tue Feb 13 12:53:38 2024
] Error: La informacion no ha podido ser procesada correctamente

[Tue Feb 13 12:53:49 2024
] Error: Error no se han podido cargar en la simulacion las fechas de los vehiculos

[Tue Feb 13 12:53:49 2024
] Error: No se ha podido añadir las fechas adicionales a la simulacion
[Tue Feb 13 12:53:49 2024
] Error: No se ha podido configurar los puntos de simulacion correctamente

[Tue Feb 13 12:53:49 2024
] Error: La informacion no ha podido ser procesada correctamente

[Tue Feb 13 12:54:14 2024
] Error: Error no se han podido cargar en la simulacion las fechas de los vehiculos

[Tue Feb 13 12:54:14 2024
] Error: No se ha podido añadir las fechas adicionales a la simulacion
[Tue Feb 13 12:54:14 2024
] Error: No se ha podido configurar los puntos de simulacion correctamente

[Tue Feb 13 12:54:14 2024
] Error: La informacion no ha podido ser procesada correctamente

[Tue Feb 13 13:21:53 2024
] Error: No se ha podido abrir el archivo Informacion_Vehiculos.csv
[Tue Feb 13 13:21:53 2024
] Error: Fallo en la lectura de los datos de entrada
[Tue Feb 13 15:36:01 2024
] Error: Error no se han podido eliminar las fechas adicionales repetidas correctamente

[Tue Feb 13 15:36:01 2024
] Error: No se ha podido añadir las fechas adicionales a la simulacion
[Tue Feb 13 15:36:01 2024
] Error: No se ha podido configurar los puntos de simulacion correctamente

[Tue Feb 13 15:36:01 2024
] Error: La informacion no ha podido ser procesada correctamente

